<?xml version="1.0" encoding="UTF-8"?>
<testng-results ignored="0" total="5" passed="5" failed="0" skipped="0">
  <reporter-output>
  </reporter-output>
  <suite started-at="2022-02-10T18:23:18 BDT" name="TestNGFramework by groups" finished-at="2022-02-10T18:23:19 BDT" duration-ms="113">
    <groups>
      <group name="bvt">
        <method signature="C_16_Group_ClassLevel.verifyElement()[pri:1, instance:p_03_Groups.C_16_Group_ClassLevel@17046283]" name="verifyElement" class="p_03_Groups.C_16_Group_ClassLevel"/>
        <method signature="C_16_Group_ClassLevel.verifyLogin()[pri:2, instance:p_03_Groups.C_16_Group_ClassLevel@17046283]" name="verifyLogin" class="p_03_Groups.C_16_Group_ClassLevel"/>
      </group> <!-- bvt -->
      <group name="functional">
        <method signature="C_16_Group_ClassLevel.verifyURL()[pri:1, instance:p_03_Groups.C_16_Group_ClassLevel@17046283]" name="verifyURL" class="p_03_Groups.C_16_Group_ClassLevel"/>
        <method signature="C_16_Group_ClassLevel.verifyTitle()[pri:2, instance:p_03_Groups.C_16_Group_ClassLevel@17046283]" name="verifyTitle" class="p_03_Groups.C_16_Group_ClassLevel"/>
      </group> <!-- functional -->
      <group name="verify functionality">
        <method signature="C_16_Group_ClassLevel.verifyElement()[pri:1, instance:p_03_Groups.C_16_Group_ClassLevel@17046283]" name="verifyElement" class="p_03_Groups.C_16_Group_ClassLevel"/>
        <method signature="C_16_Group_ClassLevel.verifyURL()[pri:1, instance:p_03_Groups.C_16_Group_ClassLevel@17046283]" name="verifyURL" class="p_03_Groups.C_16_Group_ClassLevel"/>
        <method signature="C_16_Group_ClassLevel.verifyLogin()[pri:2, instance:p_03_Groups.C_16_Group_ClassLevel@17046283]" name="verifyLogin" class="p_03_Groups.C_16_Group_ClassLevel"/>
        <method signature="C_16_Group_ClassLevel.verifyTitle()[pri:2, instance:p_03_Groups.C_16_Group_ClassLevel@17046283]" name="verifyTitle" class="p_03_Groups.C_16_Group_ClassLevel"/>
        <method signature="C_16_Group_ClassLevel.verifyLogout()[pri:3, instance:p_03_Groups.C_16_Group_ClassLevel@17046283]" name="verifyLogout" class="p_03_Groups.C_16_Group_ClassLevel"/>
      </group> <!-- verify functionality -->
      <group name="reg">
        <method signature="C_16_Group_ClassLevel.verifyElement()[pri:1, instance:p_03_Groups.C_16_Group_ClassLevel@17046283]" name="verifyElement" class="p_03_Groups.C_16_Group_ClassLevel"/>
        <method signature="C_16_Group_ClassLevel.verifyLogin()[pri:2, instance:p_03_Groups.C_16_Group_ClassLevel@17046283]" name="verifyLogin" class="p_03_Groups.C_16_Group_ClassLevel"/>
      </group> <!-- reg -->
      <group name="sprint">
        <method signature="C_16_Group_ClassLevel.verifyURL()[pri:1, instance:p_03_Groups.C_16_Group_ClassLevel@17046283]" name="verifyURL" class="p_03_Groups.C_16_Group_ClassLevel"/>
        <method signature="C_16_Group_ClassLevel.verifyTitle()[pri:2, instance:p_03_Groups.C_16_Group_ClassLevel@17046283]" name="verifyTitle" class="p_03_Groups.C_16_Group_ClassLevel"/>
        <method signature="C_16_Group_ClassLevel.verifyLogout()[pri:3, instance:p_03_Groups.C_16_Group_ClassLevel@17046283]" name="verifyLogout" class="p_03_Groups.C_16_Group_ClassLevel"/>
      </group> <!-- sprint -->
    </groups>
    <test started-at="2022-02-10T18:23:18 BDT" name="GRP-verify functionality" finished-at="2022-02-10T18:23:19 BDT" duration-ms="113">
      <class name="p_03_Groups.C_16_Group_ClassLevel">
        <test-method signature="verifyElement()[pri:1, instance:p_03_Groups.C_16_Group_ClassLevel@17046283]" started-at="2022-02-10T18:23:19 BDT" name="verifyElement" finished-at="2022-02-10T18:23:19 BDT" duration-ms="14" status="PASS">
          <reporter-output>
          </reporter-output>
        </test-method> <!-- verifyElement -->
        <test-method signature="verifyURL()[pri:1, instance:p_03_Groups.C_16_Group_ClassLevel@17046283]" started-at="2022-02-10T18:23:19 BDT" name="verifyURL" finished-at="2022-02-10T18:23:19 BDT" duration-ms="3" status="PASS">
          <reporter-output>
          </reporter-output>
        </test-method> <!-- verifyURL -->
        <test-method signature="verifyLogin()[pri:2, instance:p_03_Groups.C_16_Group_ClassLevel@17046283]" started-at="2022-02-10T18:23:19 BDT" name="verifyLogin" finished-at="2022-02-10T18:23:19 BDT" duration-ms="2" status="PASS">
          <reporter-output>
          </reporter-output>
        </test-method> <!-- verifyLogin -->
        <test-method signature="verifyTitle()[pri:2, instance:p_03_Groups.C_16_Group_ClassLevel@17046283]" started-at="2022-02-10T18:23:19 BDT" name="verifyTitle" finished-at="2022-02-10T18:23:19 BDT" duration-ms="2" status="PASS">
          <reporter-output>
          </reporter-output>
        </test-method> <!-- verifyTitle -->
        <test-method signature="verifyLogout()[pri:3, instance:p_03_Groups.C_16_Group_ClassLevel@17046283]" started-at="2022-02-10T18:23:19 BDT" name="verifyLogout" finished-at="2022-02-10T18:23:19 BDT" duration-ms="3" status="PASS">
          <reporter-output>
          </reporter-output>
        </test-method> <!-- verifyLogout -->
      </class> <!-- p_03_Groups.C_16_Group_ClassLevel -->
    </test> <!-- GRP-verify functionality -->
  </suite> <!-- TestNGFramework by groups -->
</testng-results>
