<?xml version="1.0" encoding="UTF-8"?>
<!-- Generated by org.testng.reporters.JUnitXMLReporter -->
<testsuite ignored="2" hostname="BADHAN-PC" failures="0" tests="3" name="Test by Include Groups" time="0.087" errors="0" timestamp="2022-02-11T00:17:24 BDT">
  <testcase classname="p_03_Groups.C_14_Group_Single" name="verifyElement" time="0.012"/>
  <testcase classname="p_03_Groups.C_14_Group_Single" name="verifyLogout" time="0.001"/>
  <testcase classname="p_03_Groups.C_14_Group_Single" name="verifyLogin" time="0.002"/>
  <testcase classname="p_03_Groups.C_14_Group_Single" name="verifyURL" time="0.0">
    <ignored/>
  </testcase> <!-- verifyURL -->
  <testcase classname="p_03_Groups.C_14_Group_Single" name="verifyTitle" time="0.0">
    <ignored/>
  </testcase> <!-- verifyTitle -->
</testsuite> <!-- Test by Include Groups -->
