<?xml version="1.0" encoding="UTF-8"?>
<!-- Generated by org.testng.reporters.JUnitXMLReporter -->
<testsuite ignored="0" hostname="BADHAN-PC" failures="0" tests="5" name="Default test" time="0.132" errors="0" timestamp="2022-02-10T18:17:28 BDT">
  <testcase classname="p_03_Groups.C_14_Group_Single" name="verifyElement" time="0.015"/>
  <testcase classname="p_03_Groups.C_14_Group_Single" name="verifyLogout" time="0.005"/>
  <testcase classname="p_03_Groups.C_14_Group_Single" name="verifyURL" time="0.003"/>
  <testcase classname="p_03_Groups.C_14_Group_Single" name="verifyLogin" time="0.002"/>
  <testcase classname="p_03_Groups.C_14_Group_Single" name="verifyTitle" time="0.01"/>
</testsuite> <!-- Default test -->
