<?xml version="1.0" encoding="UTF-8"?>
<!-- Generated by org.testng.reporters.JUnitXMLReporter -->
<testsuite ignored="1" hostname="BADHAN-PC" failures="0" tests="2" name="Default test" time="0.09" errors="0" timestamp="2022-02-11T00:34:35 BDT">
  <testcase classname="p_04_SkipTest.C_18_SkipTest_2" name="conditionalSkip" time="0.012">
    <skipped/>
  </testcase> <!-- conditionalSkip -->
  <testcase classname="p_04_SkipTest.C_18_SkipTest_2" name="forceSkip" time="0.002">
    <skipped/>
  </testcase> <!-- forceSkip -->
  <testcase classname="p_04_SkipTest.C_18_SkipTest_2" name="notEnabled" time="0.0">
    <ignored/>
  </testcase> <!-- notEnabled -->
</testsuite> <!-- Default test -->
