<?xml version="1.0" encoding="UTF-8"?>
<!-- Generated by org.testng.reporters.JUnitXMLReporter -->
<testsuite ignored="4" hostname="BADHAN-PC" failures="0" tests="1" name="GRP-reg" time="0.082" errors="0" timestamp="2022-02-10T18:19:13 BDT">
  <testcase classname="p_03_Groups.C_14_Group_Single" name="verifyLogout" time="0.013"/>
  <testcase classname="p_03_Groups.C_14_Group_Single" name="verifyURL" time="0.0">
    <ignored/>
  </testcase> <!-- verifyURL -->
  <testcase classname="p_03_Groups.C_14_Group_Single" name="verifyTitle" time="0.0">
    <ignored/>
  </testcase> <!-- verifyTitle -->
  <testcase classname="p_03_Groups.C_14_Group_Single" name="verifyElement" time="0.0">
    <ignored/>
  </testcase> <!-- verifyElement -->
  <testcase classname="p_03_Groups.C_14_Group_Single" name="verifyLogin" time="0.0">
    <ignored/>
  </testcase> <!-- verifyLogin -->
</testsuite> <!-- GRP-reg -->
