<?xml version="1.0" encoding="UTF-8"?>
<!-- Generated by org.testng.reporters.JUnitXMLReporter -->
<testsuite ignored="2" hostname="BADHAN-PC" failures="0" tests="3" name="GRP-sprint" time="0.107" errors="0" timestamp="2022-02-10T18:21:14 BDT">
  <testcase classname="p_03_Groups.C_15_Group_Multiple" name="verifyURL" time="0.013"/>
  <testcase classname="p_03_Groups.C_15_Group_Multiple" name="verifyTitle" time="0.004"/>
  <testcase classname="p_03_Groups.C_15_Group_Multiple" name="verifyLogout" time="0.003"/>
  <testcase classname="p_03_Groups.C_15_Group_Multiple" name="verifyLogin" time="0.0">
    <ignored/>
  </testcase> <!-- verifyLogin -->
  <testcase classname="p_03_Groups.C_15_Group_Multiple" name="verifyElement" time="0.0">
    <ignored/>
  </testcase> <!-- verifyElement -->
</testsuite> <!-- GRP-sprint -->
