<?xml version="1.0" encoding="UTF-8"?>
<!-- Generated by org.testng.reporters.JUnitXMLReporter -->
<testsuite ignored="0" hostname="BADHAN-PC" failures="0" tests="3" name="GRP-guru99" time="34.507" errors="0" timestamp="2022-02-09T23:25:44 BDT">
  <testcase classname="p_01_Annotation.C_06_BeforeGroupAfterGroup" name="verifyPageTitle" time="0.03"/>
  <testcase classname="p_01_Annotation.C_06_BeforeGroupAfterGroup" name="verifyHeader" time="24.357"/>
  <testcase classname="p_01_Annotation.C_06_BeforeGroupAfterGroup" name="closeBrowser" time="1.126"/>
</testsuite> <!-- GRP-guru99 -->
