<?xml version="1.0" encoding="UTF-8"?>
<!-- Generated by org.testng.reporters.JUnitXMLReporter -->
<testsuite ignored="2" hostname="BADHAN-PC" failures="0" tests="2" name="GRP-ebay" time="12.972" errors="0" timestamp="2022-02-09T23:35:23 BDT">
  <testcase classname="p_01_Annotation.C_06_BeforeGroupAfterGroup" name="verifyPageTitleforEbay" time="0.022"/>
  <testcase classname="p_01_Annotation.C_06_BeforeGroupAfterGroup" name="verifySearchEbay" time="2.619"/>
  <testcase classname="p_01_Annotation.C_06_BeforeGroupAfterGroup" name="verifyPageTitle" time="0.0">
    <ignored/>
  </testcase> <!-- verifyPageTitle -->
  <testcase classname="p_01_Annotation.C_06_BeforeGroupAfterGroup" name="verifyHeader" time="0.0">
    <ignored/>
  </testcase> <!-- verifyHeader -->
</testsuite> <!-- GRP-ebay -->
