<?xml version="1.0" encoding="UTF-8"?>
<!-- Generated by org.testng.reporters.JUnitXMLReporter -->
<testsuite ignored="3" hostname="BADHAN-PC" failures="0" tests="2" name="GRP-bvt" time="0.096" errors="0" timestamp="2022-02-10T18:18:14 BDT">
  <testcase classname="p_03_Groups.C_14_Group_Single" name="verifyElement" time="0.014"/>
  <testcase classname="p_03_Groups.C_14_Group_Single" name="verifyLogin" time="0.003"/>
  <testcase classname="p_03_Groups.C_14_Group_Single" name="verifyURL" time="0.0">
    <ignored/>
  </testcase> <!-- verifyURL -->
  <testcase classname="p_03_Groups.C_14_Group_Single" name="verifyTitle" time="0.0">
    <ignored/>
  </testcase> <!-- verifyTitle -->
  <testcase classname="p_03_Groups.C_14_Group_Single" name="verifyLogout" time="0.0">
    <ignored/>
  </testcase> <!-- verifyLogout -->
</testsuite> <!-- GRP-bvt -->
