<?xml version="1.0" encoding="UTF-8"?>
<!-- Generated by org.testng.reporters.JUnitXMLReporter -->
<testsuite ignored="0" hostname="BADHAN-PC" failures="0" tests="5" name="GRP-verify functionality" time="0.113" errors="0" timestamp="2022-02-10T18:23:19 BDT">
  <testcase classname="p_03_Groups.C_16_Group_ClassLevel" name="verifyElement" time="0.014"/>
  <testcase classname="p_03_Groups.C_16_Group_ClassLevel" name="verifyURL" time="0.003"/>
  <testcase classname="p_03_Groups.C_16_Group_ClassLevel" name="verifyLogin" time="0.002"/>
  <testcase classname="p_03_Groups.C_16_Group_ClassLevel" name="verifyTitle" time="0.002"/>
  <testcase classname="p_03_Groups.C_16_Group_ClassLevel" name="verifyLogout" time="0.003"/>
</testsuite> <!-- GRP-verify functionality -->
