<?xml version="1.0" encoding="UTF-8"?>
<!-- Generated by org.testng.reporters.JUnitXMLReporter -->
<testsuite ignored="3" hostname="BADHAN-PC" failures="0" tests="2" name="Test by Groups" time="0.139" errors="0" timestamp="2022-02-11T00:15:06 BDT">
  <testcase classname="p_03_Groups.C_14_Group_Single" name="verifyURL" time="0.013"/>
  <testcase classname="p_03_Groups.C_14_Group_Single" name="verifyTitle" time="0.002"/>
  <testcase classname="p_03_Groups.C_14_Group_Single" name="verifyElement" time="0.0">
    <ignored/>
  </testcase> <!-- verifyElement -->
  <testcase classname="p_03_Groups.C_14_Group_Single" name="verifyLogin" time="0.0">
    <ignored/>
  </testcase> <!-- verifyLogin -->
  <testcase classname="p_03_Groups.C_14_Group_Single" name="verifyLogout" time="0.0">
    <ignored/>
  </testcase> <!-- verifyLogout -->
</testsuite> <!-- Test by Groups -->
