<?xml version="1.0" encoding="UTF-8"?>
<!-- Generated by org.testng.reporters.JUnitXMLReporter -->
<testsuite ignored="0" hostname="BADHAN-PC" failures="0" tests="3" name="Verify Ebay" time="8.61" errors="0" timestamp="2022-02-10T00:18:17 BDT">
  <testcase classname="p_01_Annotation.C_08_BeforeSuiteAfterSuite_Child1" name="verifyTitle" time="8.557"/>
  <testcase classname="p_01_Annotation.C_08_BeforeSuiteAfterSuite_Child1" name="Login" time="0.002"/>
  <testcase classname="p_01_Annotation.C_08_BeforeSuiteAfterSuite_Child1" name="Logout" time="0.002"/>
</testsuite> <!-- Verify Ebay -->
